<?xml version="1.0" encoding="UTF-8"?>
<coverage generated="1661430158412" clover="3.2.0">
  <project timestamp="1661430158412" name="All files">
    <metrics statements="12" coveredstatements="8" conditionals="8" coveredconditionals="5" methods="5" coveredmethods="2" elements="25" coveredelements="15" complexity="0" loc="12" ncloc="12" packages="1" files="1" classes="1"/>
    <file name="user.js" path="/app/src/models/user.js">
      <metrics statements="12" coveredstatements="8" conditionals="8" coveredconditionals="5" methods="5" coveredmethods="2"/>
      <line num="7" count="1" type="cond" truecount="0" falsecount="1"/>
      <line num="13" count="3" type="cond" truecount="2" falsecount="0"/>
      <line num="14" count="1" type="stmt"/>
      <line num="16" count="2" type="cond" truecount="2" falsecount="0"/>
      <line num="17" count="1" type="stmt"/>
      <line num="19" count="1" type="cond" truecount="1" falsecount="1"/>
      <line num="20" count="1" type="stmt"/>
      <line num="31" count="0" type="stmt"/>
      <line num="32" count="0" type="stmt"/>
      <line num="33" count="0" type="stmt"/>
      <line num="34" count="0" type="stmt"/>
      <line num="39" count="1" type="stmt"/>
    </file>
  </project>
</coverage>
