{"/app/src/models/user.js": {"path":"/app/src/models/user.js","statementMap":{"0":{"start":{"line":7,"column":4},"end":{"line":36,"column":5}},"1":{"start":{"line":13,"column":8},"end":{"line":15,"column":9}},"2":{"start":{"line":14,"column":12},"end":{"line":14,"column":46}},"3":{"start":{"line":16,"column":8},"end":{"line":18,"column":9}},"4":{"start":{"line":17,"column":12},"end":{"line":17,"column":52}},"5":{"start":{"line":19,"column":8},"end":{"line":21,"column":9}},"6":{"start":{"line":20,"column":12},"end":{"line":20,"column":52}},"7":{"start":{"line":31,"column":8},"end":{"line":35,"column":10}},"8":{"start":{"line":32,"column":25},"end":{"line":32,"column":27}},"9":{"start":{"line":33,"column":31},"end":{"line":33,"column":39}},"10":{"start":{"line":34,"column":31},"end":{"line":34,"column":39}},"11":{"start":{"line":39,"column":0},"end":{"line":39,"column":33}}},"fnMap":{"0":{"name":"buildMakeUser","decl":{"start":{"line":6,"column":9},"end":{"line":6,"column":22}},"loc":{"start":{"line":6,"column":51},"end":{"line":37,"column":1}},"line":6},"1":{"name":"makeUser","decl":{"start":{"line":7,"column":20},"end":{"line":7,"column":28}},"loc":{"start":{"line":11,"column":12},"end":{"line":36,"column":5}},"line":11},"2":{"name":"(anonymous_2)","decl":{"start":{"line":32,"column":19},"end":{"line":32,"column":20}},"loc":{"start":{"line":32,"column":25},"end":{"line":32,"column":27}},"line":32},"3":{"name":"(anonymous_3)","decl":{"start":{"line":33,"column":25},"end":{"line":33,"column":26}},"loc":{"start":{"line":33,"column":31},"end":{"line":33,"column":39}},"line":33},"4":{"name":"(anonymous_4)","decl":{"start":{"line":34,"column":25},"end":{"line":34,"column":26}},"loc":{"start":{"line":34,"column":31},"end":{"line":34,"column":39}},"line":34}},"branchMap":{"0":{"loc":{"start":{"line":7,"column":29},"end":{"line":11,"column":10}},"type":"default-arg","locations":[{"start":{"line":11,"column":8},"end":{"line":11,"column":10}}],"line":7},"1":{"loc":{"start":{"line":8,"column":8},"end":{"line":8,"column":24}},"type":"default-arg","locations":[{"start":{"line":8,"column":13},"end":{"line":8,"column":24}}],"line":8},"2":{"loc":{"start":{"line":13,"column":8},"end":{"line":15,"column":9}},"type":"if","locations":[{"start":{"line":13,"column":8},"end":{"line":15,"column":9}},{"start":{},"end":{}}],"line":13},"3":{"loc":{"start":{"line":16,"column":8},"end":{"line":18,"column":9}},"type":"if","locations":[{"start":{"line":16,"column":8},"end":{"line":18,"column":9}},{"start":{},"end":{}}],"line":16},"4":{"loc":{"start":{"line":19,"column":8},"end":{"line":21,"column":9}},"type":"if","locations":[{"start":{"line":19,"column":8},"end":{"line":21,"column":9}},{"start":{},"end":{}}],"line":19}},"s":{"0":1,"1":3,"2":1,"3":2,"4":1,"5":1,"6":1,"7":0,"8":0,"9":0,"10":0,"11":1},"f":{"0":1,"1":3,"2":0,"3":0,"4":0},"b":{"0":[0],"1":[0],"2":[1,2],"3":[1,1],"4":[1,0]},"_coverageSchema":"1a1c01bbd47fc00a2c39e90264f33305004495a9","hash":"3b4fa8cf5fdf0d030bf4447018ceda54e96565f2"}
}
