{"/app/fixtures/user.js": {"path":"/app/fixtures/user.js","statementMap":{"0":{"start":{"line":2,"column":17},"end":{"line":6,"column":5}},"1":{"start":{"line":8,"column":4},"end":{"line":11,"column":5}},"2":{"start":{"line":14,"column":0},"end":{"line":14,"column":30}}},"fnMap":{"0":{"name":"makeFakeUser","decl":{"start":{"line":1,"column":9},"end":{"line":1,"column":21}},"loc":{"start":{"line":1,"column":33},"end":{"line":12,"column":1}},"line":1}},"branchMap":{},"s":{"0":4,"1":4,"2":2},"f":{"0":4},"b":{},"_coverageSchema":"1a1c01bbd47fc00a2c39e90264f33305004495a9","hash":"6e36e61b1dfcaec9bfd9af9bd2238c74751ab04e"}
,"/app/src/data_access/user_db.js": {"path":"/app/src/data_access/user_db.js","statementMap":{"0":{"start":{"line":3,"column":8},"end":{"line":3,"column":20}},"1":{"start":{"line":6,"column":4},"end":{"line":8,"column":6}},"2":{"start":{"line":11,"column":0},"end":{"line":11,"column":28}}},"fnMap":{"0":{"name":"makeUserDB","decl":{"start":{"line":1,"column":9},"end":{"line":1,"column":19}},"loc":{"start":{"line":1,"column":22},"end":{"line":9,"column":1}},"line":1},"1":{"name":"insert","decl":{"start":{"line":2,"column":13},"end":{"line":2,"column":19}},"loc":{"start":{"line":2,"column":26},"end":{"line":4,"column":5}},"line":2}},"branchMap":{},"s":{"0":1,"1":1,"2":1},"f":{"0":1,"1":1},"b":{},"_coverageSchema":"1a1c01bbd47fc00a2c39e90264f33305004495a9","hash":"5127f584c18a764d94f411be462286eadac51151"}
,"/app/src/models/user.js": {"path":"/app/src/models/user.js","statementMap":{"0":{"start":{"line":7,"column":4},"end":{"line":36,"column":5}},"1":{"start":{"line":13,"column":8},"end":{"line":15,"column":9}},"2":{"start":{"line":14,"column":12},"end":{"line":14,"column":46}},"3":{"start":{"line":16,"column":8},"end":{"line":18,"column":9}},"4":{"start":{"line":17,"column":12},"end":{"line":17,"column":52}},"5":{"start":{"line":19,"column":8},"end":{"line":21,"column":9}},"6":{"start":{"line":20,"column":12},"end":{"line":20,"column":52}},"7":{"start":{"line":31,"column":8},"end":{"line":35,"column":10}},"8":{"start":{"line":32,"column":25},"end":{"line":32,"column":27}},"9":{"start":{"line":33,"column":31},"end":{"line":33,"column":39}},"10":{"start":{"line":34,"column":31},"end":{"line":34,"column":39}},"11":{"start":{"line":39,"column":0},"end":{"line":39,"column":33}}},"fnMap":{"0":{"name":"buildMakeUser","decl":{"start":{"line":6,"column":9},"end":{"line":6,"column":22}},"loc":{"start":{"line":6,"column":51},"end":{"line":37,"column":1}},"line":6},"1":{"name":"makeUser","decl":{"start":{"line":7,"column":20},"end":{"line":7,"column":28}},"loc":{"start":{"line":11,"column":12},"end":{"line":36,"column":5}},"line":11},"2":{"name":"(anonymous_2)","decl":{"start":{"line":32,"column":19},"end":{"line":32,"column":20}},"loc":{"start":{"line":32,"column":25},"end":{"line":32,"column":27}},"line":32},"3":{"name":"(anonymous_3)","decl":{"start":{"line":33,"column":25},"end":{"line":33,"column":26}},"loc":{"start":{"line":33,"column":31},"end":{"line":33,"column":39}},"line":33},"4":{"name":"(anonymous_4)","decl":{"start":{"line":34,"column":25},"end":{"line":34,"column":26}},"loc":{"start":{"line":34,"column":31},"end":{"line":34,"column":39}},"line":34}},"branchMap":{"0":{"loc":{"start":{"line":7,"column":29},"end":{"line":11,"column":10}},"type":"default-arg","locations":[{"start":{"line":11,"column":8},"end":{"line":11,"column":10}}],"line":7},"1":{"loc":{"start":{"line":13,"column":8},"end":{"line":15,"column":9}},"type":"if","locations":[{"start":{"line":13,"column":8},"end":{"line":15,"column":9}},{"start":{},"end":{}}],"line":13},"2":{"loc":{"start":{"line":16,"column":8},"end":{"line":18,"column":9}},"type":"if","locations":[{"start":{"line":16,"column":8},"end":{"line":18,"column":9}},{"start":{},"end":{}}],"line":16},"3":{"loc":{"start":{"line":19,"column":8},"end":{"line":21,"column":9}},"type":"if","locations":[{"start":{"line":19,"column":8},"end":{"line":21,"column":9}},{"start":{},"end":{}}],"line":19}},"s":{"0":2,"1":4,"2":1,"3":3,"4":1,"5":2,"6":1,"7":1,"8":1,"9":1,"10":1,"11":2},"f":{"0":2,"1":4,"2":1,"3":1,"4":1},"b":{"0":[0],"1":[1,3],"2":[1,2],"3":[1,1]},"_coverageSchema":"1a1c01bbd47fc00a2c39e90264f33305004495a9","hash":"1a2ee24cb65eb70a6933301a6844315f68c3f4bc"}
,"/app/src/use_cases/add_user.js": {"path":"/app/src/use_cases/add_user.js","statementMap":{"0":{"start":{"line":5,"column":17},"end":{"line":5,"column":42}},"1":{"start":{"line":9,"column":4},"end":{"line":16,"column":5}},"2":{"start":{"line":10,"column":21},"end":{"line":10,"column":39}},"3":{"start":{"line":11,"column":8},"end":{"line":15,"column":10}},"4":{"start":{"line":19,"column":0},"end":{"line":19,"column":30}}},"fnMap":{"0":{"name":"buildAddUser","decl":{"start":{"line":8,"column":9},"end":{"line":8,"column":21}},"loc":{"start":{"line":8,"column":37},"end":{"line":17,"column":1}},"line":8},"1":{"name":"addUser","decl":{"start":{"line":9,"column":20},"end":{"line":9,"column":27}},"loc":{"start":{"line":9,"column":38},"end":{"line":16,"column":5}},"line":9}},"branchMap":{"0":{"loc":{"start":{"line":8,"column":22},"end":{"line":8,"column":35}},"type":"default-arg","locations":[{"start":{"line":8,"column":33},"end":{"line":8,"column":35}}],"line":8}},"s":{"0":1,"1":1,"2":1,"3":1,"4":1},"f":{"0":1,"1":1},"b":{"0":[0]},"_coverageSchema":"1a1c01bbd47fc00a2c39e90264f33305004495a9","hash":"20194aaf8f01679c7b2611b8be6fcb7377a6fcd0"}
}
