TN:
SF:fixtures/user.js
FN:1,makeFakeUser
FNF:1
FNH:1
FNDA:4,makeFakeUser
DA:2,4
DA:8,4
DA:14,2
LF:3
LH:3
BRF:0
BRH:0
end_of_record
TN:
SF:src/data_access/user_db.js
FN:1,makeUserDB
FN:2,insert
FNF:2
FNH:2
FNDA:1,makeUserDB
FNDA:1,insert
DA:3,1
DA:6,1
DA:11,1
LF:3
LH:3
BRF:0
BRH:0
end_of_record
TN:
SF:src/models/user.js
FN:6,buildMakeUser
FN:7,makeUser
FN:32,(anonymous_2)
FN:33,(anonymous_3)
FN:34,(anonymous_4)
FNF:5
FNH:5
FNDA:2,buildMakeUser
FNDA:4,makeUser
FNDA:1,(anonymous_2)
FNDA:1,(anonymous_3)
FNDA:1,(anonymous_4)
DA:7,2
DA:13,4
DA:14,1
DA:16,3
DA:17,1
DA:19,2
DA:20,1
DA:31,1
DA:32,1
DA:33,1
DA:34,1
DA:39,2
LF:12
LH:12
BRDA:7,0,0,0
BRDA:13,1,0,1
BRDA:13,1,1,3
BRDA:16,2,0,1
BRDA:16,2,1,2
BRDA:19,3,0,1
BRDA:19,3,1,1
BRF:7
BRH:6
end_of_record
TN:
SF:src/use_cases/add_user.js
FN:8,buildAddUser
FN:9,addUser
FNF:2
FNH:2
FNDA:1,buildAddUser
FNDA:1,addUser
DA:5,1
DA:9,1
DA:10,1
DA:11,1
DA:19,1
LF:5
LH:5
BRDA:8,0,0,0
BRF:1
BRH:0
end_of_record
